[16:49:12.876] Global cache location '/home/tokalarr/.cache/typescript/4.7', safe file path '/home/tokalarr/.vim/plugged/YouCompleteMe/third_party/ycmd/third_party/tsserver/node_modules/typescript/lib/typingSafeList.json', types map path /home/tokalarr/.vim/plugged/YouCompleteMe/third_party/ycmd/third_party/tsserver/node_modules/typescript/lib/typesMap.json
[16:49:12.880] Processing cache location '/home/tokalarr/.cache/typescript/4.7'
[16:49:12.881] Trying to find '/home/tokalarr/.cache/typescript/4.7/package.json'...
[16:49:12.884] Loaded content of '/home/tokalarr/.cache/typescript/4.7/package.json': {"private":true,"dependencies":{"types-registry":"^0.1.662"},"devDependencies":{"@types/abbrev":"^1.1.2","@types/accepts":"^1.3.5","@types/acorn":"^4.0.6","@types/align-text":"^1.0.1","@types/asap":"^2.0.0","@types/async":"^3.2.15","@types/babel__core":"^7.1.19","@types/babel__preset-env":"^7.9.2","@types/babel-plugin-macros":"^2.8.5","@types/babel-types":"^7.0.11","@types/babylon":"^6.16.6","@types/balanced-match":"^1.0.2","@types/basic-auth":"^1.1.3","@types/bcrypt":"^5.0.0","@types/bcryptjs":"^2.4.2","@types/body-parser":"^1.19.2","@types/brace-expansion":"^1.1.0","@types/braces":"^3.0.1","@types/bytes":"^3.1.1","@types/call-bind":"^1.0.1","@types/center-align":"^1.0.0","@types/clean-css":"^4.2.5","@types/co":"^4.6.3","@types/concat-map":"^0.0.1","@types/content-disposition":"^0.5.5","@types/content-type":"^1.1.5","@types/convert-string":"^0.1.1","@types/cookie":"^0.5.1","@types/cookie-parser":"^1.4.3","@types/cookie-signature":"^1.0.4","@types/core-js":"^2.5.5","@types/cors":"^2.8.12","@types/d":"^1.0.1","@types/debug":"^4.1.7","@types/depd":"^1.1.32","@types/destroy":"^1.0.0","@types/dot":"^1.1.5","@types/ee-first":"^1.1.0","@types/encodeurl":"^1.0.0","@types/escape-html":"^1.0.2","@types/eslint":"^8.44.2","@types/esutils":"^2.0.0","@types/etag":"^1.8.1","@types/express":"^4.17.13","@types/fill-range":"^7.0.0","@types/finalhandler":"^1.1.1","@types/forwarded":"^0.1.0","@types/fresh":"^0.5.0","@types/function-bind":"^1.1.7","@types/get-intrinsic":"^1.0.0","@types/gh-pages":"^3.2.1","@types/glob-parent":"^5.1.1","@types/has":"^1.0.0","@types/has-symbols":"^1.0.0","@types/http-errors":"^1.8.2","@types/inherits":"^0.0.30","@types/invariant":"^2.2.35","@types/ip":"^1.1.0","@types/is-buffer":"^2.0.0","@types/is-core-module":"^2.2.0","@types/is-glob":"^4.0.2","@types/is-number":"^7.0.3","@types/is-regex":"^1.0.0","@types/jsonwebtoken":"^8.5.8","@types/kind-of":"^6.0.0","@types/lodash":"^4.14.182","@types/luxon":"^2.3.2","@types/media-typer":"^1.1.1","@types/memory-pager":"^1.4.0","@types/merge-descriptors":"^1.0.1","@types/methods":"^1.1.1","@types/metro":"^0.66.1","@types/metro-config":"^0.66.0","@types/mime":"^2.0.3","@types/mime-db":"^1.43.1","@types/mime-types":"^2.1.1","@types/minimatch":"^3.0.5","@types/morgan":"^1.9.3","@types/ms":"^0.7.31","@types/negotiator":"^0.6.1","@types/nodemon":"^1.19.3","@types/nopt":"^3.0.29","@types/normalize-path":"^3.0.0","@types/object-assign":"^4.0.30","@types/on-finished":"^2.3.1","@types/on-headers":"^1.0.0","@types/parseurl":"^1.3.1","@types/path-parse":"^1.0.19","@types/pg":"^8.6.5","@types/pg-pool":"^2.0.3","@types/picomatch":"^2.3.0","@types/pino-pretty":"^4.7.5","@types/prettier":"^2.6.3","@types/proxy-addr":"^2.0.0","@types/pug":"^2.0.6","@types/punycode":"^2.1.0","@types/qs":"^6.9.7","@types/range-parser":"^1.2.4","@types/react":"^18.2.21","@types/react-dom":"^18.2.7","@types/react-native":"^0.70.4","@types/react-native-base64":"^0.2.0","@types/react-native-vector-icons":"^6.4.12","@types/react-router":"^5.1.18","@types/react-router-dom":"^5.3.3","@types/react-test-renderer":"^18.0.0","@types/regenerator-runtime":"^0.13.1","@types/repeat-string":"^1.6.3","@types/resolve":"^1.20.2","@types/right-align":"^0.1.0","@types/safer-buffer":"^2.1.0","@types/saslprep":"^1.0.1","@types/semver":"^7.3.10","@types/send":"^0.17.1","@types/serve-static":"^1.13.10","@types/sparse-bitfield":"^3.0.1","@types/statuses":"^2.0.0","@types/supports-color":"^8.1.1","@types/testing-library__jest-dom":"^5.14.5","@types/to-regex-range":"^5.0.0","@types/touch":"^3.1.2","@types/type-is":"^1.6.3","@types/uglify-js":"^3.16.0","@types/uniq":"^0.0.27","@types/uniqid":"^5.3.2","@types/use-sync-external-store":"^0.0.3","@types/utils-merge":"^0.0.28","@types/validator":"^13.7.4","@types/vary":"^1.1.0","@types/void-elements":"^3.1.0","@types/watch":"^1.0.3","@types/webidl-conversions":"^6.1.1","@types/whatwg-url":"^8.2.2","@types/window-size":"^1.1.1","@types/wordwrap":"^1.0.1","@types/yargs":"^17.0.10"}}
[16:49:12.885] Loaded content of '/home/tokalarr/.cache/typescript/4.7/package-lock.json'
[16:49:12.900] Adding entry into typings cache: 'abbrev' => '/home/tokalarr/.cache/typescript/4.7/node_modules/@types/abbrev/index.d.ts'
[16:49:12.907] Adding entry into typings cache: 'accepts' => '/home/tokalarr/.cache/typescript/4.7/node_modules/@types/accepts/index.d.ts'
[16:49:12.910] Adding entry into typings cache: 'acorn' => '/home/tokalarr/.cache/typescript/4.7/node_modules/@types/acorn/index.d.ts'
[16:49:12.912] Adding entry into typings cache: 'align-text' => '/home/tokalarr/.cache/typescript/4.7/node_modules/@types/align-text/index.d.ts'
[16:49:12.914] Adding entry into typings cache: 'asap' => '/home/tokalarr/.cache/typescript/4.7/node_modules/@types/asap/index.d.ts'
[16:49:12.916] Adding entry into typings cache: 'async' => '/home/tokalarr/.cache/typescript/4.7/node_modules/@types/async/index.d.ts'
[16:49:12.922] Adding entry into typings cache: 'babel__core' => '/home/tokalarr/.cache/typescript/4.7/node_modules/@types/babel__core/index.d.ts'
[16:49:12.925] Adding entry into typings cache: 'babel__preset-env' => '/home/tokalarr/.cache/typescript/4.7/node_modules/@types/babel__preset-env/index.d.ts'
[16:49:12.928] Adding entry into typings cache: 'babel-plugin-macros' => '/home/tokalarr/.cache/typescript/4.7/node_modules/@types/babel-plugin-macros/index.d.ts'
[16:49:12.940] Adding entry into typings cache: 'babel-types' => '/home/tokalarr/.cache/typescript/4.7/node_modules/@types/babel-types/index.d.ts'
[16:49:12.942] Adding entry into typings cache: 'babylon' => '/home/tokalarr/.cache/typescript/4.7/node_modules/@types/babylon/index.d.ts'
[16:49:12.946] Adding entry into typings cache: 'balanced-match' => '/home/tokalarr/.cache/typescript/4.7/node_modules/@types/balanced-match/index.d.ts'
[16:49:12.948] Adding entry into typings cache: 'basic-auth' => '/home/tokalarr/.cache/typescript/4.7/node_modules/@types/basic-auth/index.d.ts'
[16:49:12.952] Adding entry into typings cache: 'bcrypt' => '/home/tokalarr/.cache/typescript/4.7/node_modules/@types/bcrypt/index.d.ts'
[16:49:12.954] Adding entry into typings cache: 'bcryptjs' => '/home/tokalarr/.cache/typescript/4.7/node_modules/@types/bcryptjs/index.d.ts'
[16:49:12.957] Adding entry into typings cache: 'body-parser' => '/home/tokalarr/.cache/typescript/4.7/node_modules/@types/body-parser/index.d.ts'
[16:49:12.959] Adding entry into typings cache: 'brace-expansion' => '/home/tokalarr/.cache/typescript/4.7/node_modules/@types/brace-expansion/index.d.ts'
[16:49:12.961] Adding entry into typings cache: 'braces' => '/home/tokalarr/.cache/typescript/4.7/node_modules/@types/braces/index.d.ts'
[16:49:12.966] Adding entry into typings cache: 'bytes' => '/home/tokalarr/.cache/typescript/4.7/node_modules/@types/bytes/index.d.ts'
[16:49:12.969] Adding entry into typings cache: 'call-bind' => '/home/tokalarr/.cache/typescript/4.7/node_modules/@types/call-bind/index.d.ts'
[16:49:12.976] Adding entry into typings cache: 'center-align' => '/home/tokalarr/.cache/typescript/4.7/node_modules/@types/center-align/index.d.ts'
[16:49:12.978] Adding entry into typings cache: 'clean-css' => '/home/tokalarr/.cache/typescript/4.7/node_modules/@types/clean-css/index.d.ts'
[16:49:12.982] Adding entry into typings cache: 'co' => '/home/tokalarr/.cache/typescript/4.7/node_modules/@types/co/index.d.ts'
[16:49:12.987] Adding entry into typings cache: 'concat-map' => '/home/tokalarr/.cache/typescript/4.7/node_modules/@types/concat-map/index.d.ts'
[16:49:12.990] Adding entry into typings cache: 'content-disposition' => '/home/tokalarr/.cache/typescript/4.7/node_modules/@types/content-disposition/index.d.ts'
[16:49:12.992] Adding entry into typings cache: 'content-type' => '/home/tokalarr/.cache/typescript/4.7/node_modules/@types/content-type/index.d.ts'
[16:49:12.994] Adding entry into typings cache: 'convert-string' => '/home/tokalarr/.cache/typescript/4.7/node_modules/@types/convert-string/index.d.ts'
[16:49:12.995] Adding entry into typings cache: 'cookie' => '/home/tokalarr/.cache/typescript/4.7/node_modules/@types/cookie/index.d.ts'
[16:49:12.997] Adding entry into typings cache: 'cookie-parser' => '/home/tokalarr/.cache/typescript/4.7/node_modules/@types/cookie-parser/index.d.ts'
[16:49:12.998] Adding entry into typings cache: 'cookie-signature' => '/home/tokalarr/.cache/typescript/4.7/node_modules/@types/cookie-signature/index.d.ts'
[16:49:13.002] Adding entry into typings cache: 'core-js' => '/home/tokalarr/.cache/typescript/4.7/node_modules/@types/core-js/index.d.ts'
[16:49:13.005] Adding entry into typings cache: 'cors' => '/home/tokalarr/.cache/typescript/4.7/node_modules/@types/cors/index.d.ts'
[16:49:13.009] Adding entry into typings cache: 'd' => '/home/tokalarr/.cache/typescript/4.7/node_modules/@types/d/index.d.ts'
[16:49:13.013] Adding entry into typings cache: 'debug' => '/home/tokalarr/.cache/typescript/4.7/node_modules/@types/debug/index.d.ts'
[16:49:13.017] Adding entry into typings cache: 'depd' => '/home/tokalarr/.cache/typescript/4.7/node_modules/@types/depd/index.d.ts'
[16:49:13.020] Adding entry into typings cache: 'destroy' => '/home/tokalarr/.cache/typescript/4.7/node_modules/@types/destroy/index.d.ts'
[16:49:13.023] Adding entry into typings cache: 'dot' => '/home/tokalarr/.cache/typescript/4.7/node_modules/@types/dot/index.d.ts'
[16:49:13.027] Adding entry into typings cache: 'ee-first' => '/home/tokalarr/.cache/typescript/4.7/node_modules/@types/ee-first/index.d.ts'
[16:49:13.029] Adding entry into typings cache: 'encodeurl' => '/home/tokalarr/.cache/typescript/4.7/node_modules/@types/encodeurl/index.d.ts'
[16:49:13.033] Adding entry into typings cache: 'escape-html' => '/home/tokalarr/.cache/typescript/4.7/node_modules/@types/escape-html/index.d.ts'
[16:49:13.038] Adding entry into typings cache: 'eslint' => '/home/tokalarr/.cache/typescript/4.7/node_modules/@types/eslint/index.d.ts'
[16:49:13.040] Adding entry into typings cache: 'esutils' => '/home/tokalarr/.cache/typescript/4.7/node_modules/@types/esutils/index.d.ts'
[16:49:13.044] Adding entry into typings cache: 'etag' => '/home/tokalarr/.cache/typescript/4.7/node_modules/@types/etag/index.d.ts'
[16:49:13.051] Adding entry into typings cache: 'express' => '/home/tokalarr/.cache/typescript/4.7/node_modules/@types/express/index.d.ts'
[16:49:13.053] Adding entry into typings cache: 'fill-range' => '/home/tokalarr/.cache/typescript/4.7/node_modules/@types/fill-range/index.d.ts'
[16:49:13.054] Adding entry into typings cache: 'finalhandler' => '/home/tokalarr/.cache/typescript/4.7/node_modules/@types/finalhandler/index.d.ts'
[16:49:13.055] Adding entry into typings cache: 'forwarded' => '/home/tokalarr/.cache/typescript/4.7/node_modules/@types/forwarded/index.d.ts'
[16:49:13.057] Adding entry into typings cache: 'fresh' => '/home/tokalarr/.cache/typescript/4.7/node_modules/@types/fresh/index.d.ts'
[16:49:13.058] Adding entry into typings cache: 'function-bind' => '/home/tokalarr/.cache/typescript/4.7/node_modules/@types/function-bind/index.d.ts'
[16:49:13.060] Adding entry into typings cache: 'get-intrinsic' => '/home/tokalarr/.cache/typescript/4.7/node_modules/@types/get-intrinsic/index.d.ts'
[16:49:13.064] Adding entry into typings cache: 'gh-pages' => '/home/tokalarr/.cache/typescript/4.7/node_modules/@types/gh-pages/index.d.ts'
[16:49:13.065] Adding entry into typings cache: 'glob-parent' => '/home/tokalarr/.cache/typescript/4.7/node_modules/@types/glob-parent/index.d.ts'
[16:49:13.068] Adding entry into typings cache: 'has' => '/home/tokalarr/.cache/typescript/4.7/node_modules/@types/has/index.d.ts'
[16:49:13.070] Adding entry into typings cache: 'has-symbols' => '/home/tokalarr/.cache/typescript/4.7/node_modules/@types/has-symbols/index.d.ts'
[16:49:13.071] Adding entry into typings cache: 'http-errors' => '/home/tokalarr/.cache/typescript/4.7/node_modules/@types/http-errors/index.d.ts'
[16:49:13.073] Adding entry into typings cache: 'inherits' => '/home/tokalarr/.cache/typescript/4.7/node_modules/@types/inherits/index.d.ts'
[16:49:13.075] Adding entry into typings cache: 'invariant' => '/home/tokalarr/.cache/typescript/4.7/node_modules/@types/invariant/index.d.ts'
[16:49:13.077] Adding entry into typings cache: 'ip' => '/home/tokalarr/.cache/typescript/4.7/node_modules/@types/ip/index.d.ts'
[16:49:13.081] Adding entry into typings cache: 'is-buffer' => '/home/tokalarr/.cache/typescript/4.7/node_modules/@types/is-buffer/index.d.ts'
[16:49:13.082] Adding entry into typings cache: 'is-core-module' => '/home/tokalarr/.cache/typescript/4.7/node_modules/@types/is-core-module/index.d.ts'
[16:49:13.084] Adding entry into typings cache: 'is-glob' => '/home/tokalarr/.cache/typescript/4.7/node_modules/@types/is-glob/index.d.ts'
[16:49:13.086] Adding entry into typings cache: 'is-number' => '/home/tokalarr/.cache/typescript/4.7/node_modules/@types/is-number/index.d.ts'
[16:49:13.089] Adding entry into typings cache: 'is-regex' => '/home/tokalarr/.cache/typescript/4.7/node_modules/@types/is-regex/index.d.ts'
[16:49:13.091] Adding entry into typings cache: 'jsonwebtoken' => '/home/tokalarr/.cache/typescript/4.7/node_modules/@types/jsonwebtoken/index.d.ts'
[16:49:13.096] Adding entry into typings cache: 'kind-of' => '/home/tokalarr/.cache/typescript/4.7/node_modules/@types/kind-of/index.d.ts'
[16:49:13.100] Adding entry into typings cache: 'lodash' => '/home/tokalarr/.cache/typescript/4.7/node_modules/@types/lodash/index.d.ts'
[16:49:13.101] Adding entry into typings cache: 'luxon' => '/home/tokalarr/.cache/typescript/4.7/node_modules/@types/luxon/index.d.ts'
[16:49:13.103] Adding entry into typings cache: 'media-typer' => '/home/tokalarr/.cache/typescript/4.7/node_modules/@types/media-typer/index.d.ts'
[16:49:13.106] Adding entry into typings cache: 'memory-pager' => '/home/tokalarr/.cache/typescript/4.7/node_modules/@types/memory-pager/index.d.ts'
[16:49:13.112] Adding entry into typings cache: 'merge-descriptors' => '/home/tokalarr/.cache/typescript/4.7/node_modules/@types/merge-descriptors/index.d.ts'
[16:49:13.115] Adding entry into typings cache: 'methods' => '/home/tokalarr/.cache/typescript/4.7/node_modules/@types/methods/index.d.ts'
[16:49:13.119] Adding entry into typings cache: 'metro' => '/home/tokalarr/.cache/typescript/4.7/node_modules/@types/metro/index.d.ts'
[16:49:13.121] Adding entry into typings cache: 'metro-config' => '/home/tokalarr/.cache/typescript/4.7/node_modules/@types/metro-config/index.d.ts'
[16:49:13.122] Adding entry into typings cache: 'mime' => '/home/tokalarr/.cache/typescript/4.7/node_modules/@types/mime/index.d.ts'
[16:49:13.124] Adding entry into typings cache: 'mime-db' => '/home/tokalarr/.cache/typescript/4.7/node_modules/@types/mime-db/index.d.ts'
[16:49:13.125] Adding entry into typings cache: 'mime-types' => '/home/tokalarr/.cache/typescript/4.7/node_modules/@types/mime-types/index.d.ts'
[16:49:13.128] Adding entry into typings cache: 'minimatch' => '/home/tokalarr/.cache/typescript/4.7/node_modules/@types/minimatch/index.d.ts'
[16:49:13.132] Adding entry into typings cache: 'morgan' => '/home/tokalarr/.cache/typescript/4.7/node_modules/@types/morgan/index.d.ts'
[16:49:13.136] Adding entry into typings cache: 'ms' => '/home/tokalarr/.cache/typescript/4.7/node_modules/@types/ms/index.d.ts'
[16:49:13.137] Adding entry into typings cache: 'negotiator' => '/home/tokalarr/.cache/typescript/4.7/node_modules/@types/negotiator/index.d.ts'
[16:49:13.140] Adding entry into typings cache: 'nodemon' => '/home/tokalarr/.cache/typescript/4.7/node_modules/@types/nodemon/index.d.ts'
[16:49:13.142] Adding entry into typings cache: 'nopt' => '/home/tokalarr/.cache/typescript/4.7/node_modules/@types/nopt/index.d.ts'
[16:49:13.145] Adding entry into typings cache: 'normalize-path' => '/home/tokalarr/.cache/typescript/4.7/node_modules/@types/normalize-path/index.d.ts'
[16:49:13.151] Adding entry into typings cache: 'object-assign' => '/home/tokalarr/.cache/typescript/4.7/node_modules/@types/object-assign/index.d.ts'
[16:49:13.152] Adding entry into typings cache: 'on-finished' => '/home/tokalarr/.cache/typescript/4.7/node_modules/@types/on-finished/index.d.ts'
[16:49:13.158] Adding entry into typings cache: 'on-headers' => '/home/tokalarr/.cache/typescript/4.7/node_modules/@types/on-headers/index.d.ts'
[16:49:13.168] Adding entry into typings cache: 'parseurl' => '/home/tokalarr/.cache/typescript/4.7/node_modules/@types/parseurl/index.d.ts'
[16:49:13.172] Adding entry into typings cache: 'path-parse' => '/home/tokalarr/.cache/typescript/4.7/node_modules/@types/path-parse/index.d.ts'
[16:49:13.178] Adding entry into typings cache: 'pg' => '/home/tokalarr/.cache/typescript/4.7/node_modules/@types/pg/index.d.ts'
[16:49:13.179] Adding entry into typings cache: 'pg-pool' => '/home/tokalarr/.cache/typescript/4.7/node_modules/@types/pg-pool/index.d.ts'
[16:49:13.182] Adding entry into typings cache: 'picomatch' => '/home/tokalarr/.cache/typescript/4.7/node_modules/@types/picomatch/index.d.ts'
[16:49:13.184] Adding entry into typings cache: 'pino-pretty' => '/home/tokalarr/.cache/typescript/4.7/node_modules/@types/pino-pretty/index.d.ts'
[16:49:13.194] Adding entry into typings cache: 'prettier' => '/home/tokalarr/.cache/typescript/4.7/node_modules/@types/prettier/index.d.ts'
[16:49:13.196] Adding entry into typings cache: 'proxy-addr' => '/home/tokalarr/.cache/typescript/4.7/node_modules/@types/proxy-addr/index.d.ts'
[16:49:13.197] Adding entry into typings cache: 'pug' => '/home/tokalarr/.cache/typescript/4.7/node_modules/@types/pug/index.d.ts'
[16:49:13.198] Adding entry into typings cache: 'punycode' => '/home/tokalarr/.cache/typescript/4.7/node_modules/@types/punycode/index.d.ts'
[16:49:13.199] Adding entry into typings cache: 'qs' => '/home/tokalarr/.cache/typescript/4.7/node_modules/@types/qs/index.d.ts'
[16:49:13.199] Adding entry into typings cache: 'range-parser' => '/home/tokalarr/.cache/typescript/4.7/node_modules/@types/range-parser/index.d.ts'
[16:49:13.202] Adding entry into typings cache: 'react' => '/home/tokalarr/.cache/typescript/4.7/node_modules/@types/react/ts5.0/index.d.ts'
[16:49:13.205] Adding entry into typings cache: 'react-dom' => '/home/tokalarr/.cache/typescript/4.7/node_modules/@types/react-dom/index.d.ts'
[16:49:13.211] Adding entry into typings cache: 'react-native' => '/home/tokalarr/.cache/typescript/4.7/node_modules/@types/react-native/index.d.ts'
[16:49:13.213] Adding entry into typings cache: 'react-native-base64' => '/home/tokalarr/.cache/typescript/4.7/node_modules/@types/react-native-base64/index.d.ts'
[16:49:13.214] Adding entry into typings cache: 'react-native-vector-icons' => '/home/tokalarr/.cache/typescript/4.7/node_modules/@types/react-native-vector-icons/index.d.ts'
[16:49:13.223] Adding entry into typings cache: 'react-router' => '/home/tokalarr/.cache/typescript/4.7/node_modules/@types/react-router/index.d.ts'
[16:49:13.226] Adding entry into typings cache: 'react-router-dom' => '/home/tokalarr/.cache/typescript/4.7/node_modules/@types/react-router-dom/index.d.ts'
[16:49:13.230] Adding entry into typings cache: 'react-test-renderer' => '/home/tokalarr/.cache/typescript/4.7/node_modules/@types/react-test-renderer/index.d.ts'
[16:49:13.233] Adding entry into typings cache: 'regenerator-runtime' => '/home/tokalarr/.cache/typescript/4.7/node_modules/@types/regenerator-runtime/index.d.ts'
[16:49:13.236] Adding entry into typings cache: 'repeat-string' => '/home/tokalarr/.cache/typescript/4.7/node_modules/@types/repeat-string/index.d.ts'
[16:49:13.238] Adding entry into typings cache: 'resolve' => '/home/tokalarr/.cache/typescript/4.7/node_modules/@types/resolve/index.d.ts'
[16:49:13.239] Adding entry into typings cache: 'right-align' => '/home/tokalarr/.cache/typescript/4.7/node_modules/@types/right-align/index.d.ts'
[16:49:13.245] Adding entry into typings cache: 'safer-buffer' => '/home/tokalarr/.cache/typescript/4.7/node_modules/@types/safer-buffer/index.d.ts'
[16:49:13.247] Adding entry into typings cache: 'saslprep' => '/home/tokalarr/.cache/typescript/4.7/node_modules/@types/saslprep/index.d.ts'
[16:49:13.248] Adding entry into typings cache: 'semver' => '/home/tokalarr/.cache/typescript/4.7/node_modules/@types/semver/index.d.ts'
[16:49:13.250] Adding entry into typings cache: 'send' => '/home/tokalarr/.cache/typescript/4.7/node_modules/@types/send/index.d.ts'
[16:49:13.251] Adding entry into typings cache: 'serve-static' => '/home/tokalarr/.cache/typescript/4.7/node_modules/@types/serve-static/index.d.ts'
[16:49:13.253] Adding entry into typings cache: 'sparse-bitfield' => '/home/tokalarr/.cache/typescript/4.7/node_modules/@types/sparse-bitfield/index.d.ts'
[16:49:13.254] Adding entry into typings cache: 'statuses' => '/home/tokalarr/.cache/typescript/4.7/node_modules/@types/statuses/index.d.ts'
[16:49:13.257] Adding entry into typings cache: 'supports-color' => '/home/tokalarr/.cache/typescript/4.7/node_modules/@types/supports-color/index.d.ts'
[16:49:13.259] Adding entry into typings cache: 'testing-library__jest-dom' => '/home/tokalarr/.cache/typescript/4.7/node_modules/@types/testing-library__jest-dom/index.d.ts'
[16:49:13.263] Adding entry into typings cache: 'to-regex-range' => '/home/tokalarr/.cache/typescript/4.7/node_modules/@types/to-regex-range/index.d.ts'
[16:49:13.264] Adding entry into typings cache: 'touch' => '/home/tokalarr/.cache/typescript/4.7/node_modules/@types/touch/index.d.ts'
[16:49:13.267] Adding entry into typings cache: 'type-is' => '/home/tokalarr/.cache/typescript/4.7/node_modules/@types/type-is/index.d.ts'
[16:49:13.268] Adding entry into typings cache: 'uglify-js' => '/home/tokalarr/.cache/typescript/4.7/node_modules/@types/uglify-js/index.d.ts'
[16:49:13.269] Adding entry into typings cache: 'uniq' => '/home/tokalarr/.cache/typescript/4.7/node_modules/@types/uniq/index.d.ts'
[16:49:13.272] Adding entry into typings cache: 'uniqid' => '/home/tokalarr/.cache/typescript/4.7/node_modules/@types/uniqid/index.d.ts'
[16:49:13.274] Adding entry into typings cache: 'use-sync-external-store' => '/home/tokalarr/.cache/typescript/4.7/node_modules/@types/use-sync-external-store/index.d.ts'
[16:49:13.275] Adding entry into typings cache: 'utils-merge' => '/home/tokalarr/.cache/typescript/4.7/node_modules/@types/utils-merge/index.d.ts'
[16:49:13.279] Adding entry into typings cache: 'validator' => '/home/tokalarr/.cache/typescript/4.7/node_modules/@types/validator/index.d.ts'
[16:49:13.281] Adding entry into typings cache: 'vary' => '/home/tokalarr/.cache/typescript/4.7/node_modules/@types/vary/index.d.ts'
[16:49:13.284] Adding entry into typings cache: 'void-elements' => '/home/tokalarr/.cache/typescript/4.7/node_modules/@types/void-elements/index.d.ts'
[16:49:13.285] Adding entry into typings cache: 'watch' => '/home/tokalarr/.cache/typescript/4.7/node_modules/@types/watch/index.d.ts'
[16:49:13.289] Adding entry into typings cache: 'webidl-conversions' => '/home/tokalarr/.cache/typescript/4.7/node_modules/@types/webidl-conversions/index.d.ts'
[16:49:13.290] Adding entry into typings cache: 'whatwg-url' => '/home/tokalarr/.cache/typescript/4.7/node_modules/@types/whatwg-url/index.d.ts'
[16:49:13.294] Adding entry into typings cache: 'window-size' => '/home/tokalarr/.cache/typescript/4.7/node_modules/@types/window-size/index.d.ts'
[16:49:13.295] Adding entry into typings cache: 'wordwrap' => '/home/tokalarr/.cache/typescript/4.7/node_modules/@types/wordwrap/index.d.ts'
[16:49:13.308] Adding entry into typings cache: 'yargs' => '/home/tokalarr/.cache/typescript/4.7/node_modules/@types/yargs/index.d.ts'
[16:49:13.309] Finished processing cache location '/home/tokalarr/.cache/typescript/4.7'
[16:49:13.309] Process id: 41589
[16:49:13.310] NPM location: /home/tokalarr/.nvm/versions/node/v20.5.0/bin/npm (explicit '--npmLocation' not  provided)
[16:49:13.311] validateDefaultNpmLocation: false
[16:49:13.312] Npm config file: /home/tokalarr/.cache/typescript/4.7/package.json
[16:49:13.313] Updating types-registry npm package...
[16:49:13.313] Exec: /home/tokalarr/.nvm/versions/node/v20.5.0/bin/npm install --ignore-scripts types-registry@latest
[16:49:15.594]     Succeeded. stdout:
    
    up to date, audited 194 packages in 2s

3 packages are looking for funding
  run `npm fund` for details

found 0 vulnerabilities

[16:49:15.595] Updated types-registry npm package
